<?xml version="1.0" encoding="UTF-8"?>
<!-- Generated by org.testng.reporters.JUnitXMLReporter -->
<testsuite ignored="0" hostname="AZVDCNKCR0269-0" failures="0" tests="12" name="Default test" time="22.316" errors="0" timestamp="2023-08-30T22:38:24 UTC">
  <testcase classname="com.spree.test.Address" name="T01_createAnAddress" time="0.806"/>
  <testcase classname="com.spree.test.Address" name="T02_updateAddress" time="0.768"/>
  <testcase classname="com.spree.test.Address" name="T03_deleteAnAddress" time="0.745"/>
  <testcase classname="com.spree.test.Address" name="T04_addMultipleAddress" time="1.565"/>
  <testcase classname="com.spree.test.Address" name="T04_addMultipleAddress" time="1.587"/>
  <testcase classname="com.spree.test.Address" name="T04_addMultipleAddress" time="1.561"/>
  <testcase classname="com.spree.test.Address" name="T04_addMultipleAddress" time="1.482"/>
  <testcase classname="com.spree.test.Address" name="T04_addMultipleAddress" time="1.469"/>
  <testcase classname="com.spree.test.Address" name="T05_getAllAddressBeforeDeleteAll" time="0.748"/>
  <testcase classname="com.spree.test.Address" name="T06_deleteAllAddress" time="4.313"/>
  <testcase classname="com.spree.test.Address" name="T07_getAllAddressAfterDeleteAll" time="0.792"/>
  <testcase classname="com.spree.test.Address" name="addAddressSameLabel" time="1.52"/>
</testsuite> <!-- Default test -->
