<?xml version="1.0" encoding="UTF-8"?>
<!-- Generated by org.testng.reporters.JUnitXMLReporter -->
<testsuite ignored="0" hostname="AZVDCNKCR0269-0" failures="0" tests="7" name="Default test" time="11.217" errors="0" timestamp="2023-08-30T22:08:00 UTC">
  <testcase classname="com.spree.test.Countries" name="T01_getDefaultCountries" time="2.249"/>
  <testcase classname="com.spree.test.Countries" name="T02_retrieveaCountry" time="0.789"/>
  <testcase classname="com.spree.test.Countries" name="T02_retrieveaCountry" time="0.745"/>
  <testcase classname="com.spree.test.Countries" name="T02_retrieveaCountry" time="0.743"/>
  <testcase classname="com.spree.test.Countries" name="T02_retrieveaCountry" time="0.754"/>
  <testcase classname="com.spree.test.Countries" name="T02_retrieveaCountry" time="0.753"/>
  <testcase classname="com.spree.test.Countries" name="T03_listallCountries" time="4.802"/>
</testsuite> <!-- Default test -->
