<?xml version="1.0" encoding="UTF-8"?>
<testng-results ignored="0" total="7" passed="7" failed="0" skipped="0">
  <reporter-output>
  </reporter-output>
  <suite started-at="2023-08-30T22:07:49 UTC" name="Default suite" finished-at="2023-08-30T22:08:00 UTC" duration-ms="11217">
    <groups>
    </groups>
    <test started-at="2023-08-30T22:07:49 UTC" name="Default test" finished-at="2023-08-30T22:08:00 UTC" duration-ms="11217">
      <class name="com.spree.test.Countries">
        <test-method is-config="true" signature="setup()[pri:0, instance:com.spree.test.Countries@55b0dcab]" started-at="2023-08-30T22:07:49 UTC" name="setup" finished-at="2023-08-30T22:07:49 UTC" duration-ms="338" status="PASS">
          <reporter-output>
          </reporter-output>
        </test-method> <!-- setup -->
        <test-method signature="T01_getDefaultCountries()[pri:1, instance:com.spree.test.Countries@55b0dcab]" started-at="2023-08-30T22:07:49 UTC" name="T01_getDefaultCountries" finished-at="2023-08-30T22:07:52 UTC" duration-ms="2249" status="PASS">
          <reporter-output>
          </reporter-output>
        </test-method> <!-- T01_getDefaultCountries -->
        <test-method signature="T02_retrieveaCountry(java.lang.String,java.lang.String,java.lang.String)[pri:2, instance:com.spree.test.Countries@55b0dcab]" started-at="2023-08-30T22:07:52 UTC" name="T02_retrieveaCountry" data-provider="country_iso" finished-at="2023-08-30T22:07:52 UTC" duration-ms="789" status="PASS">
          <params>
            <param index="0">
              <value>
                <![CDATA[usa]]>
              </value>
            </param>
            <param index="1">
              <value>
                <![CDATA[UNITED STATES]]>
              </value>
            </param>
            <param index="2">
              <value>
                <![CDATA[USA]]>
              </value>
            </param>
          </params>
          <reporter-output>
          </reporter-output>
        </test-method> <!-- T02_retrieveaCountry -->
        <test-method signature="T02_retrieveaCountry(java.lang.String,java.lang.String,java.lang.String)[pri:2, instance:com.spree.test.Countries@55b0dcab]" started-at="2023-08-30T22:07:52 UTC" name="T02_retrieveaCountry" data-provider="country_iso" finished-at="2023-08-30T22:07:53 UTC" duration-ms="745" status="PASS">
          <params>
            <param index="0">
              <value>
                <![CDATA[ind]]>
              </value>
            </param>
            <param index="1">
              <value>
                <![CDATA[INDIA]]>
              </value>
            </param>
            <param index="2">
              <value>
                <![CDATA[IND]]>
              </value>
            </param>
          </params>
          <reporter-output>
          </reporter-output>
        </test-method> <!-- T02_retrieveaCountry -->
        <test-method signature="T02_retrieveaCountry(java.lang.String,java.lang.String,java.lang.String)[pri:2, instance:com.spree.test.Countries@55b0dcab]" started-at="2023-08-30T22:07:53 UTC" name="T02_retrieveaCountry" data-provider="country_iso" finished-at="2023-08-30T22:07:54 UTC" duration-ms="743" status="PASS">
          <params>
            <param index="0">
              <value>
                <![CDATA[pak]]>
              </value>
            </param>
            <param index="1">
              <value>
                <![CDATA[PAKISTAN]]>
              </value>
            </param>
            <param index="2">
              <value>
                <![CDATA[PAK]]>
              </value>
            </param>
          </params>
          <reporter-output>
          </reporter-output>
        </test-method> <!-- T02_retrieveaCountry -->
        <test-method signature="T02_retrieveaCountry(java.lang.String,java.lang.String,java.lang.String)[pri:2, instance:com.spree.test.Countries@55b0dcab]" started-at="2023-08-30T22:07:54 UTC" name="T02_retrieveaCountry" data-provider="country_iso" finished-at="2023-08-30T22:07:55 UTC" duration-ms="754" status="PASS">
          <params>
            <param index="0">
              <value>
                <![CDATA[gb]]>
              </value>
            </param>
            <param index="1">
              <value>
                <![CDATA[UNITED KINGDOM]]>
              </value>
            </param>
            <param index="2">
              <value>
                <![CDATA[GBR]]>
              </value>
            </param>
          </params>
          <reporter-output>
          </reporter-output>
        </test-method> <!-- T02_retrieveaCountry -->
        <test-method signature="T02_retrieveaCountry(java.lang.String,java.lang.String,java.lang.String)[pri:2, instance:com.spree.test.Countries@55b0dcab]" started-at="2023-08-30T22:07:55 UTC" name="T02_retrieveaCountry" data-provider="country_iso" finished-at="2023-08-30T22:07:55 UTC" duration-ms="753" status="PASS">
          <params>
            <param index="0">
              <value>
                <![CDATA[afg]]>
              </value>
            </param>
            <param index="1">
              <value>
                <![CDATA[AFGHANISTAN]]>
              </value>
            </param>
            <param index="2">
              <value>
                <![CDATA[AFG]]>
              </value>
            </param>
          </params>
          <reporter-output>
          </reporter-output>
        </test-method> <!-- T02_retrieveaCountry -->
        <test-method signature="T03_listallCountries()[pri:3, instance:com.spree.test.Countries@55b0dcab]" started-at="2023-08-30T22:07:55 UTC" name="T03_listallCountries" finished-at="2023-08-30T22:08:00 UTC" duration-ms="4802" status="PASS">
          <reporter-output>
          </reporter-output>
        </test-method> <!-- T03_listallCountries -->
        <test-method is-config="true" signature="afterTest()[pri:0, instance:com.spree.test.Countries@55b0dcab]" started-at="2023-08-30T22:08:00 UTC" name="afterTest" finished-at="2023-08-30T22:08:00 UTC" duration-ms="0" status="PASS">
          <reporter-output>
          </reporter-output>
        </test-method> <!-- afterTest -->
      </class> <!-- com.spree.test.Countries -->
    </test> <!-- Default test -->
  </suite> <!-- Default suite -->
</testng-results>
